#
# A fatal error has been detected by the Java Runtime Environment:
#
#  EXCEPTION_ACCESS_VIOLATION (0xc0000005) at pc=0x00007ffbf7ff1bbb, pid=3096, tid=9200
#
# JRE version: Java(TM) SE Runtime Environment 18.9 (11.0.19+9) (build 11.0.19+9-LTS-224)
# Java VM: Java HotSpot(TM) 64-Bit Server VM 18.9 (11.0.19+9-LTS-224, mixed mode, tiered, compressed oops, g1 gc, windows-amd64)
# Problematic frame:
# V  [jvm.dll+0x611bbb]
#
# No core dump will be written. Minidumps are not enabled by default on client versions of Windows
#
# If you would like to submit a bug report, please visit:
#   https://bugreport.java.com/bugreport/crash.jsp
#

---------------  S U M M A R Y ------------

Command Line: -Dfile.encoding=UTF-8 -agentpath:C:/Program Files/NetBeans-11.1/netbeans/profiler/lib/deployed/jdk16/windows-amd64/profilerinterface.dll=C:\Program Files\NetBeans-11.1\netbeans\profiler\lib,5140,10 -XX:+HeapDumpOnOutOfMemoryError -XX:HeapDumpPath=C:\Users\caans\Documents\NetBeansProjects\Canhones\nbproject\private\profiler canhones.Canhones

Host: AMD Athlon 3000G with Radeon Vega Graphics     , 4 cores, 5G,  Windows 10 , 64 bit Build 19041 (10.0.19041.3570)
Time: Thu Nov  9 14:55:12 2023 Hora est. Pacífico, Sudamérica elapsed time: 2.153271 seconds (0d 0h 0m 2s)

---------------  T H R E A D  ---------------

Current thread (0x0000028946809000):  JavaThread "*** Profiler Agent Communication Thread" daemon [_thread_in_vm, id=9200, stack(0x0000008aa3d00000,0x0000008aa3e00000)]

Stack: [0x0000008aa3d00000,0x0000008aa3e00000],  sp=0x0000008aa3dff1e0,  free space=1020k
Native frames: (J=compiled Java code, j=interpreted, Vv=VM code, C=native code)
V  [jvm.dll+0x611bbb]
V  [jvm.dll+0x4c7830]
C  [profilerinterface.dll+0x34da]

Java frames: (J=compiled Java code, j=interpreted, Vv=VM code)
j  org.netbeans.lib.profiler.server.system.Stacks.getMethodNamesForJMethodIds(I[I[I)[B+0
j  org.netbeans.lib.profiler.server.ProfilerInterface.getMethodNamesForJMethodIds([I)Lorg/netbeans/lib/profiler/wireprotocol/MethodNamesResponse;+20
j  org.netbeans.lib.profiler.server.ProfilerServer.handleClientCommand(Lorg/netbeans/lib/profiler/wireprotocol/Command;)V+691
j  org.netbeans.lib.profiler.server.ProfilerServer.listenToClient()V+48
j  org.netbeans.lib.profiler.server.ProfilerServer.run()V+22
v  ~StubRoutines::call_stub

siginfo: EXCEPTION_ACCESS_VIOLATION (0xc0000005), reading address 0x00000000497cb918


Register to memory mapping:

RIP=0x00007ffbf7ff1bbb jvm.dll
RAX=0x0000008aa3dff201 is pointing into the stack for thread: 0x0000028946809000
RBX=0x0000028946809000 is a thread
RCX=0x00000000497cb918 is an unknown value
RDX=0x0000028946809000 is a thread
RSP=0x0000008aa3dff1e0 is pointing into the stack for thread: 0x0000028946809000
RBP=0x00000000497cb918 is an unknown value
RSI=0x000002892980a630 points into unknown readable memory: 0x00007ffbf84256a0 | a0 56 42 f8 fb 7f 00 00
RDI=0x0000008aa3dff300 is pointing into the stack for thread: 0x0000028946809000
R8 =0x0000008aa3dff300 is pointing into the stack for thread: 0x0000028946809000
R9 =0x00000000000001a4 is an unknown value
R10=0x0 is NULL
R11=0x0000008aa3dff1d8 is pointing into the stack for thread: 0x0000028946809000
R12=0x0000028948980a20 points into unknown readable memory: 0x097cbc80097cb918 | 18 b9 7c 09 80 bc 7c 09
R13=0x0000000000000230 is an unknown value
R14=0x00007ffc6a9d9c68 profilerinterface.dll
R15=0x00007ffc6a9d9a60 profilerinterface.dll


Registers:
RAX=0x0000008aa3dff201, RBX=0x0000028946809000, RCX=0x00000000497cb918, RDX=0x0000028946809000
RSP=0x0000008aa3dff1e0, RBP=0x00000000497cb918, RSI=0x000002892980a630, RDI=0x0000008aa3dff300
R8 =0x0000008aa3dff300, R9 =0x00000000000001a4, R10=0x0000000000000000, R11=0x0000008aa3dff1d8
R12=0x0000028948980a20, R13=0x0000000000000230, R14=0x00007ffc6a9d9c68, R15=0x00007ffc6a9d9a60
RIP=0x00007ffbf7ff1bbb, EFLAGS=0x0000000000010206

Top of Stack: (sp=0x0000008aa3dff1e0)
0x0000008aa3dff1e0:   0000000000000000 0000000000000000
0x0000008aa3dff1f0:   0000028946809000 0000008aa3dff3b8
0x0000008aa3dff200:   0000028946809000 00007ffbf7ea7830
0x0000008aa3dff210:   0000028946809000 0000028946809000
0x0000008aa3dff220:   0000028946809348 00007ffc70169d40
0x0000008aa3dff230:   0000028946809000 0000000000000000
0x0000008aa3dff240:   0000028900000000 0000000000000000
0x0000008aa3dff250:   00000000497cb918 00007ffc6a9d34da
0x0000008aa3dff260:   0000000000000000 0000028946809348
0x0000008aa3dff270:   0000000000000000 0000028946809000
0x0000008aa3dff280:   0000028948980a20 00007ffbf7d6528c
0x0000008aa3dff290:   0000028930f3b4a4 00000000001532bb
0x0000008aa3dff2a0:   0000000000000000 0000000000000000
0x0000008aa3dff2b0:   0000028947ae56b0 0000028946809000
0x0000008aa3dff2c0:   0000028946809000 0000028947ae56b0
0x0000008aa3dff2d0:   0000000000000000 0000028930ef9b00 

Instructions: (pc=0x00007ffbf7ff1bbb)
0x00007ffbf7ff1b9b:   0b 40 20 a8 10 74 03 b0 01 c3 41 83 78 24 fe 0f
0x00007ffbf7ff1bab:   94 c0 c3 cc cc 40 53 48 83 ec 20 48 85 c9 74 28
0x00007ffbf7ff1bbb:   48 8b 19 48 85 db 74 20 48 83 fb 37 74 1a 48 8b
0x00007ffbf7ff1bcb:   03 48 8b cb ff 50 10 33 c9 84 c0 48 0f 45 cb 48 


Stack slot to memory mapping:
stack at sp + 0 slots: 0x0 is NULL
stack at sp + 1 slots: 0x0 is NULL
stack at sp + 2 slots: 0x0000028946809000 is a thread
stack at sp + 3 slots: 0x0000008aa3dff3b8 is pointing into the stack for thread: 0x0000028946809000
stack at sp + 4 slots: 0x0000028946809000 is a thread
stack at sp + 5 slots: 0x00007ffbf7ea7830 jvm.dll
stack at sp + 6 slots: 0x0000028946809000 is a thread
stack at sp + 7 slots: 0x0000028946809000 is a thread


---------------  P R O C E S S  ---------------

Threads class SMR info:
_java_thread_list=0x00000289497d3000, length=21, elements={
0x0000028945c51800, 0x0000028945c5b000, 0x0000028945cad800, 0x0000028945cae800,
0x0000028945cb0800, 0x0000028945cb4800, 0x00000289465e1000, 0x000002894661d000,
0x000002894674c000, 0x0000028946809000, 0x000002894692d000, 0x000002894692e000,
0x000002894757a800, 0x0000028947884800, 0x0000028948e60800, 0x0000028947780800,
0x0000028949786800, 0x00000289474c3000, 0x00000289497bb000, 0x00000289497bc000,
0x00000289497b8800
}

Java Threads: ( => current thread )
  0x0000028945c51800 JavaThread "Reference Handler" daemon [_thread_blocked, id=7368, stack(0x0000008aa3400000,0x0000008aa3500000)]
  0x0000028945c5b000 JavaThread "Finalizer" daemon [_thread_blocked, id=10252, stack(0x0000008aa3500000,0x0000008aa3600000)]
  0x0000028945cad800 JavaThread "Signal Dispatcher" daemon [_thread_blocked, id=15540, stack(0x0000008aa3600000,0x0000008aa3700000)]
  0x0000028945cae800 JavaThread "Attach Listener" daemon [_thread_blocked, id=1780, stack(0x0000008aa3700000,0x0000008aa3800000)]
  0x0000028945cb0800 JavaThread "Service Thread" daemon [_thread_blocked, id=17884, stack(0x0000008aa3800000,0x0000008aa3900000)]
  0x0000028945cb4800 JavaThread "C2 CompilerThread0" daemon [_thread_blocked, id=2500, stack(0x0000008aa3900000,0x0000008aa3a00000)]
  0x00000289465e1000 JavaThread "C1 CompilerThread0" daemon [_thread_blocked, id=17700, stack(0x0000008aa3a00000,0x0000008aa3b00000)]
  0x000002894661d000 JavaThread "Sweeper thread" daemon [_thread_blocked, id=4504, stack(0x0000008aa3b00000,0x0000008aa3c00000)]
  0x000002894674c000 JavaThread "Common-Cleaner" daemon [_thread_blocked, id=9836, stack(0x0000008aa3c00000,0x0000008aa3d00000)]
=>0x0000028946809000 JavaThread "*** Profiler Agent Communication Thread" daemon [_thread_in_vm, id=9200, stack(0x0000008aa3d00000,0x0000008aa3e00000)]
  0x000002894692d000 JavaThread "*** JFluid Monitor thread ***" daemon [_thread_blocked, id=14196, stack(0x0000008aa3e00000,0x0000008aa3f00000)]
  0x000002894692e000 JavaThread "*** Profiler Agent Special Execution Thread 6" daemon [_thread_blocked, id=13328, stack(0x0000008aa3f00000,0x0000008aa4000000)]
  0x000002894757a800 JavaThread "*** Profiler Agent Special Execution Thread 10" daemon [_thread_blocked, id=9776, stack(0x0000008aa4100000,0x0000008aa4200000)]
  0x0000028947884800 JavaThread "Java2D Disposer" daemon [_thread_blocked, id=4228, stack(0x0000008aa4200000,0x0000008aa4300000)]
  0x0000028948e60800 JavaThread "AWT-Shutdown" [_thread_blocked, id=16824, stack(0x0000008aa4300000,0x0000008aa4400000)]
  0x0000028947780800 JavaThread "AWT-Windows" daemon [_thread_blocked, id=10644, stack(0x0000008aa4400000,0x0000008aa4500000)]
  0x0000028949786800 JavaThread "Image Fetcher 0" daemon [_thread_blocked, id=16088, stack(0x0000008aa4b00000,0x0000008aa4c00000)]
  0x00000289474c3000 JavaThread "AWT-EventQueue-0" [_thread_blocked, id=13204, stack(0x0000008aa5100000,0x0000008aa5200000)]
  0x00000289497bb000 JavaThread "DestroyJavaVM" [_thread_blocked, id=16520, stack(0x0000008aa2d00000,0x0000008aa2e00000)]
  0x00000289497bc000 JavaThread "D3D Screen Updater" daemon [_thread_blocked, id=15928, stack(0x0000008aa5300000,0x0000008aa5400000)]
  0x00000289497b8800 JavaThread "TimerQueue" daemon [_thread_blocked, id=15880, stack(0x0000008aa5400000,0x0000008aa5500000)]

Other Threads:
  0x0000028945c2b800 VMThread "VM Thread" [stack: 0x0000008aa3300000,0x0000008aa3400000] [id=864]
  0x0000028947579800 WatcherThread [stack: 0x0000008aa4000000,0x0000008aa4100000] [id=13836]
  0x0000028929826000 GCTaskThread "GC Thread#0" [stack: 0x0000008aa2e00000,0x0000008aa2f00000] [id=8368]
  0x0000028949139800 GCTaskThread "GC Thread#1" [stack: 0x0000008aa4c00000,0x0000008aa4d00000] [id=17404]
  0x000002894913a800 GCTaskThread "GC Thread#2" [stack: 0x0000008aa4d00000,0x0000008aa4e00000] [id=9504]
  0x000002894913b000 GCTaskThread "GC Thread#3" [stack: 0x0000008aa4e00000,0x0000008aa4f00000] [id=9764]
  0x000002892984b800 ConcurrentGCThread "G1 Main Marker" [stack: 0x0000008aa2f00000,0x0000008aa3000000] [id=1392]
  0x000002892984f000 ConcurrentGCThread "G1 Conc#0" [stack: 0x0000008aa3000000,0x0000008aa3100000] [id=8360]
  0x00000289298c2800 ConcurrentGCThread "G1 Refine#0" [stack: 0x0000008aa3100000,0x0000008aa3200000] [id=15592]
  0x0000028946808000 ConcurrentGCThread "G1 Refine#1" [stack: 0x0000008aa4f00000,0x0000008aa5000000] [id=13684]
  0x000002894698d800 ConcurrentGCThread "G1 Refine#2" [stack: 0x0000008aa5000000,0x0000008aa5100000] [id=15924]
  0x00000289298c3800 ConcurrentGCThread "G1 Young RemSet Sampling" [stack: 0x0000008aa3200000,0x0000008aa3300000] [id=15480]

Threads with active compile tasks:

VM state:synchronizing (normal execution)

VM Mutex/Monitor currently owned by a thread:  ([mutex/lock_event])
[0x000002892980ff60] Threads_lock - owner thread: 0x0000028945c2b800

Heap address: 0x00000000a0c00000, size: 1524 MB, Compressed Oops mode: 32-bit
Narrow klass base: 0x0000000000000000, Narrow klass shift: 3
Compressed class space size: 1073741824 Address: 0x0000000100000000

Heap:
 garbage-first heap   total 98304K, used 9357K [0x00000000a0c00000, 0x0000000100000000)
  region size 1024K, 3 young (3072K), 1 survivors (1024K)
 Metaspace       used 20736K, capacity 21285K, committed 21504K, reserved 1069056K
  class space    used 2259K, capacity 2518K, committed 2560K, reserved 1048576K
Heap Regions: E=young(eden), S=young(survivor), O=old, HS=humongous(starts), HC=humongous(continues), CS=collection set, F=free, A=archive, TAMS=top-at-mark-start (previous, next)
|   0|0x00000000a0c00000, 0x00000000a0d00000, 0x00000000a0d00000|100%|HS|  |TAMS 0x00000000a0d00000, 0x00000000a0c00000| Complete 
|   1|0x00000000a0d00000, 0x00000000a0e00000, 0x00000000a0e00000|100%|HC|  |TAMS 0x00000000a0e00000, 0x00000000a0d00000| Complete 
|   2|0x00000000a0e00000, 0x00000000a0f00000, 0x00000000a0f00000|100%|HS|  |TAMS 0x00000000a0f00000, 0x00000000a0e00000| Complete 
|   3|0x00000000a0f00000, 0x00000000a1000000, 0x00000000a1000000|100%|HC|  |TAMS 0x00000000a1000000, 0x00000000a0f00000| Complete 
|   4|0x00000000a1000000, 0x00000000a1100000, 0x00000000a1100000|100%| O|  |TAMS 0x00000000a1100000, 0x00000000a1000000| Untracked 
|   5|0x00000000a1100000, 0x00000000a1200000, 0x00000000a1200000|100%| O|  |TAMS 0x00000000a1200000, 0x00000000a1100000| Untracked 
|   6|0x00000000a1200000, 0x00000000a1300000, 0x00000000a1300000|100%| O|  |TAMS 0x00000000a1300000, 0x00000000a1200000| Untracked 
|   7|0x00000000a1300000, 0x00000000a139ce00, 0x00000000a1400000| 61%| O|  |TAMS 0x00000000a139ce00, 0x00000000a1300000| Untracked 
|   8|0x00000000a1400000, 0x00000000a1400000, 0x00000000a1500000|  0%| F|  |TAMS 0x00000000a1400000, 0x00000000a1400000| Untracked 
|   9|0x00000000a1500000, 0x00000000a1500000, 0x00000000a1600000|  0%| F|  |TAMS 0x00000000a1500000, 0x00000000a1500000| Untracked 
|  10|0x00000000a1600000, 0x00000000a1600000, 0x00000000a1700000|  0%| F|  |TAMS 0x00000000a1600000, 0x00000000a1600000| Untracked 
|  11|0x00000000a1700000, 0x00000000a1700000, 0x00000000a1800000|  0%| F|  |TAMS 0x00000000a1700000, 0x00000000a1700000| Untracked 
|  12|0x00000000a1800000, 0x00000000a1800000, 0x00000000a1900000|  0%| F|  |TAMS 0x00000000a1800000, 0x00000000a1800000| Untracked 
|  13|0x00000000a1900000, 0x00000000a1900000, 0x00000000a1a00000|  0%| F|  |TAMS 0x00000000a1900000, 0x00000000a1900000| Untracked 
|  14|0x00000000a1a00000, 0x00000000a1a00000, 0x00000000a1b00000|  0%| F|  |TAMS 0x00000000a1a00000, 0x00000000a1a00000| Untracked 
|  15|0x00000000a1b00000, 0x00000000a1b00000, 0x00000000a1c00000|  0%| F|  |TAMS 0x00000000a1b00000, 0x00000000a1b00000| Untracked 
|  16|0x00000000a1c00000, 0x00000000a1c00000, 0x00000000a1d00000|  0%| F|  |TAMS 0x00000000a1c00000, 0x00000000a1c00000| Untracked 
|  17|0x00000000a1d00000, 0x00000000a1d00000, 0x00000000a1e00000|  0%| F|  |TAMS 0x00000000a1d00000, 0x00000000a1d00000| Untracked 
|  18|0x00000000a1e00000, 0x00000000a1e00000, 0x00000000a1f00000|  0%| F|  |TAMS 0x00000000a1e00000, 0x00000000a1e00000| Untracked 
|  19|0x00000000a1f00000, 0x00000000a1f00000, 0x00000000a2000000|  0%| F|  |TAMS 0x00000000a1f00000, 0x00000000a1f00000| Untracked 
|  20|0x00000000a2000000, 0x00000000a2000000, 0x00000000a2100000|  0%| F|  |TAMS 0x00000000a2000000, 0x00000000a2000000| Untracked 
|  21|0x00000000a2100000, 0x00000000a2100000, 0x00000000a2200000|  0%| F|  |TAMS 0x00000000a2100000, 0x00000000a2100000| Untracked 
|  22|0x00000000a2200000, 0x00000000a2200000, 0x00000000a2300000|  0%| F|  |TAMS 0x00000000a2200000, 0x00000000a2200000| Untracked 
|  23|0x00000000a2300000, 0x00000000a2300000, 0x00000000a2400000|  0%| F|  |TAMS 0x00000000a2300000, 0x00000000a2300000| Untracked 
|  24|0x00000000a2400000, 0x00000000a2400000, 0x00000000a2500000|  0%| F|  |TAMS 0x00000000a2400000, 0x00000000a2400000| Untracked 
|  25|0x00000000a2500000, 0x00000000a2500000, 0x00000000a2600000|  0%| F|  |TAMS 0x00000000a2500000, 0x00000000a2500000| Untracked 
|  26|0x00000000a2600000, 0x00000000a2600000, 0x00000000a2700000|  0%| F|  |TAMS 0x00000000a2600000, 0x00000000a2600000| Untracked 
|  27|0x00000000a2700000, 0x00000000a2700000, 0x00000000a2800000|  0%| F|  |TAMS 0x00000000a2700000, 0x00000000a2700000| Untracked 
|  28|0x00000000a2800000, 0x00000000a2800000, 0x00000000a2900000|  0%| F|  |TAMS 0x00000000a2800000, 0x00000000a2800000| Untracked 
|  29|0x00000000a2900000, 0x00000000a2900000, 0x00000000a2a00000|  0%| F|  |TAMS 0x00000000a2900000, 0x00000000a2900000| Untracked 
|  30|0x00000000a2a00000, 0x00000000a2a00000, 0x00000000a2b00000|  0%| F|  |TAMS 0x00000000a2a00000, 0x00000000a2a00000| Untracked 
|  31|0x00000000a2b00000, 0x00000000a2b00000, 0x00000000a2c00000|  0%| F|  |TAMS 0x00000000a2b00000, 0x00000000a2b00000| Untracked 
|  32|0x00000000a2c00000, 0x00000000a2c00000, 0x00000000a2d00000|  0%| F|  |TAMS 0x00000000a2c00000, 0x00000000a2c00000| Untracked 
|  33|0x00000000a2d00000, 0x00000000a2d00000, 0x00000000a2e00000|  0%| F|  |TAMS 0x00000000a2d00000, 0x00000000a2d00000| Untracked 
|  34|0x00000000a2e00000, 0x00000000a2e00000, 0x00000000a2f00000|  0%| F|  |TAMS 0x00000000a2e00000, 0x00000000a2e00000| Untracked 
|  35|0x00000000a2f00000, 0x00000000a2f00000, 0x00000000a3000000|  0%| F|  |TAMS 0x00000000a2f00000, 0x00000000a2f00000| Untracked 
|  36|0x00000000a3000000, 0x00000000a3000000, 0x00000000a3100000|  0%| F|  |TAMS 0x00000000a3000000, 0x00000000a3000000| Untracked 
|  37|0x00000000a3100000, 0x00000000a3100000, 0x00000000a3200000|  0%| F|  |TAMS 0x00000000a3100000, 0x00000000a3100000| Untracked 
|  38|0x00000000a3200000, 0x00000000a3200000, 0x00000000a3300000|  0%| F|  |TAMS 0x00000000a3200000, 0x00000000a3200000| Untracked 
|  39|0x00000000a3300000, 0x00000000a3300000, 0x00000000a3400000|  0%| F|  |TAMS 0x00000000a3300000, 0x00000000a3300000| Untracked 
|  40|0x00000000a3400000, 0x00000000a3400000, 0x00000000a3500000|  0%| F|  |TAMS 0x00000000a3400000, 0x00000000a3400000| Untracked 
|  41|0x00000000a3500000, 0x00000000a3500000, 0x00000000a3600000|  0%| F|  |TAMS 0x00000000a3500000, 0x00000000a3500000| Untracked 
|  42|0x00000000a3600000, 0x00000000a3600000, 0x00000000a3700000|  0%| F|  |TAMS 0x00000000a3600000, 0x00000000a3600000| Untracked 
|  43|0x00000000a3700000, 0x00000000a3700000, 0x00000000a3800000|  0%| F|  |TAMS 0x00000000a3700000, 0x00000000a3700000| Untracked 
|  44|0x00000000a3800000, 0x00000000a3800000, 0x00000000a3900000|  0%| F|  |TAMS 0x00000000a3800000, 0x00000000a3800000| Untracked 
|  45|0x00000000a3900000, 0x00000000a3900000, 0x00000000a3a00000|  0%| F|  |TAMS 0x00000000a3900000, 0x00000000a3900000| Untracked 
|  46|0x00000000a3a00000, 0x00000000a3a00000, 0x00000000a3b00000|  0%| F|  |TAMS 0x00000000a3a00000, 0x00000000a3a00000| Untracked 
|  47|0x00000000a3b00000, 0x00000000a3b00000, 0x00000000a3c00000|  0%| F|  |TAMS 0x00000000a3b00000, 0x00000000a3b00000| Untracked 
|  48|0x00000000a3c00000, 0x00000000a3c00000, 0x00000000a3d00000|  0%| F|  |TAMS 0x00000000a3c00000, 0x00000000a3c00000| Untracked 
|  49|0x00000000a3d00000, 0x00000000a3d00000, 0x00000000a3e00000|  0%| F|  |TAMS 0x00000000a3d00000, 0x00000000a3d00000| Untracked 
|  50|0x00000000a3e00000, 0x00000000a3e00000, 0x00000000a3f00000|  0%| F|  |TAMS 0x00000000a3e00000, 0x00000000a3e00000| Untracked 
|  51|0x00000000a3f00000, 0x00000000a3f00000, 0x00000000a4000000|  0%| F|  |TAMS 0x00000000a3f00000, 0x00000000a3f00000| Untracked 
|  52|0x00000000a4000000, 0x00000000a4000000, 0x00000000a4100000|  0%| F|  |TAMS 0x00000000a4000000, 0x00000000a4000000| Untracked 
|  53|0x00000000a4100000, 0x00000000a4100000, 0x00000000a4200000|  0%| F|  |TAMS 0x00000000a4100000, 0x00000000a4100000| Untracked 
|  54|0x00000000a4200000, 0x00000000a4200000, 0x00000000a4300000|  0%| F|  |TAMS 0x00000000a4200000, 0x00000000a4200000| Untracked 
|  55|0x00000000a4300000, 0x00000000a4300000, 0x00000000a4400000|  0%| F|  |TAMS 0x00000000a4300000, 0x00000000a4300000| Untracked 
|  56|0x00000000a4400000, 0x00000000a4400000, 0x00000000a4500000|  0%| F|  |TAMS 0x00000000a4400000, 0x00000000a4400000| Untracked 
|  57|0x00000000a4500000, 0x00000000a4500000, 0x00000000a4600000|  0%| F|  |TAMS 0x00000000a4500000, 0x00000000a4500000| Untracked 
|  58|0x00000000a4600000, 0x00000000a4600000, 0x00000000a4700000|  0%| F|  |TAMS 0x00000000a4600000, 0x00000000a4600000| Untracked 
|  59|0x00000000a4700000, 0x00000000a4700000, 0x00000000a4800000|  0%| F|  |TAMS 0x00000000a4700000, 0x00000000a4700000| Untracked 
|  60|0x00000000a4800000, 0x00000000a4800000, 0x00000000a4900000|  0%| F|  |TAMS 0x00000000a4800000, 0x00000000a4800000| Untracked 
|  61|0x00000000a4900000, 0x00000000a4900000, 0x00000000a4a00000|  0%| F|  |TAMS 0x00000000a4900000, 0x00000000a4900000| Untracked 
|  62|0x00000000a4a00000, 0x00000000a4a00000, 0x00000000a4b00000|  0%| F|  |TAMS 0x00000000a4a00000, 0x00000000a4a00000| Untracked 
|  63|0x00000000a4b00000, 0x00000000a4b00000, 0x00000000a4c00000|  0%| F|  |TAMS 0x00000000a4b00000, 0x00000000a4b00000| Untracked 
|  64|0x00000000a4c00000, 0x00000000a4c00000, 0x00000000a4d00000|  0%| F|  |TAMS 0x00000000a4c00000, 0x00000000a4c00000| Untracked 
|  65|0x00000000a4d00000, 0x00000000a4d00000, 0x00000000a4e00000|  0%| F|  |TAMS 0x00000000a4d00000, 0x00000000a4d00000| Untracked 
|  66|0x00000000a4e00000, 0x00000000a4e00000, 0x00000000a4f00000|  0%| F|  |TAMS 0x00000000a4e00000, 0x00000000a4e00000| Untracked 
|  67|0x00000000a4f00000, 0x00000000a4f00000, 0x00000000a5000000|  0%| F|  |TAMS 0x00000000a4f00000, 0x00000000a4f00000| Untracked 
|  68|0x00000000a5000000, 0x00000000a5000000, 0x00000000a5100000|  0%| F|  |TAMS 0x00000000a5000000, 0x00000000a5000000| Untracked 
|  69|0x00000000a5100000, 0x00000000a5100000, 0x00000000a5200000|  0%| F|  |TAMS 0x00000000a5100000, 0x00000000a5100000| Untracked 
|  70|0x00000000a5200000, 0x00000000a5200000, 0x00000000a5300000|  0%| F|  |TAMS 0x00000000a5200000, 0x00000000a5200000| Untracked 
|  71|0x00000000a5300000, 0x00000000a5300000, 0x00000000a5400000|  0%| F|  |TAMS 0x00000000a5300000, 0x00000000a5300000| Untracked 
|  72|0x00000000a5400000, 0x00000000a5400000, 0x00000000a5500000|  0%| F|  |TAMS 0x00000000a5400000, 0x00000000a5400000| Untracked 
|  73|0x00000000a5500000, 0x00000000a5500000, 0x00000000a5600000|  0%| F|  |TAMS 0x00000000a5500000, 0x00000000a5500000| Untracked 
|  74|0x00000000a5600000, 0x00000000a5600000, 0x00000000a5700000|  0%| F|  |TAMS 0x00000000a5600000, 0x00000000a5600000| Untracked 
|  75|0x00000000a5700000, 0x00000000a5700000, 0x00000000a5800000|  0%| F|  |TAMS 0x00000000a5700000, 0x00000000a5700000| Untracked 
|  76|0x00000000a5800000, 0x00000000a5800000, 0x00000000a5900000|  0%| F|  |TAMS 0x00000000a5800000, 0x00000000a5800000| Untracked 
|  77|0x00000000a5900000, 0x00000000a5900000, 0x00000000a5a00000|  0%| F|  |TAMS 0x00000000a5900000, 0x00000000a5900000| Untracked 
|  78|0x00000000a5a00000, 0x00000000a5a00000, 0x00000000a5b00000|  0%| F|  |TAMS 0x00000000a5a00000, 0x00000000a5a00000| Untracked 
|  79|0x00000000a5b00000, 0x00000000a5b00000, 0x00000000a5c00000|  0%| F|  |TAMS 0x00000000a5b00000, 0x00000000a5b00000| Untracked 
|  80|0x00000000a5c00000, 0x00000000a5c00000, 0x00000000a5d00000|  0%| F|  |TAMS 0x00000000a5c00000, 0x00000000a5c00000| Untracked 
|  81|0x00000000a5d00000, 0x00000000a5d00000, 0x00000000a5e00000|  0%| F|  |TAMS 0x00000000a5d00000, 0x00000000a5d00000| Untracked 
|  82|0x00000000a5e00000, 0x00000000a5e00000, 0x00000000a5f00000|  0%| F|  |TAMS 0x00000000a5e00000, 0x00000000a5e00000| Untracked 
|  83|0x00000000a5f00000, 0x00000000a5f00000, 0x00000000a6000000|  0%| F|  |TAMS 0x00000000a5f00000, 0x00000000a5f00000| Untracked 
|  84|0x00000000a6000000, 0x00000000a6000000, 0x00000000a6100000|  0%| F|  |TAMS 0x00000000a6000000, 0x00000000a6000000| Untracked 
|  85|0x00000000a6100000, 0x00000000a6100000, 0x00000000a6200000|  0%| F|  |TAMS 0x00000000a6100000, 0x00000000a6100000| Untracked 
|  86|0x00000000a6200000, 0x00000000a6200000, 0x00000000a6300000|  0%| F|  |TAMS 0x00000000a6200000, 0x00000000a6200000| Untracked 
|  87|0x00000000a6300000, 0x00000000a6300000, 0x00000000a6400000|  0%| F|  |TAMS 0x00000000a6300000, 0x00000000a6300000| Untracked 
|  88|0x00000000a6400000, 0x00000000a6400000, 0x00000000a6500000|  0%| F|  |TAMS 0x00000000a6400000, 0x00000000a6400000| Untracked 
|  89|0x00000000a6500000, 0x00000000a6500000, 0x00000000a6600000|  0%| F|  |TAMS 0x00000000a6500000, 0x00000000a6500000| Untracked 
|  90|0x00000000a6600000, 0x00000000a6600000, 0x00000000a6700000|  0%| F|  |TAMS 0x00000000a6600000, 0x00000000a6600000| Untracked 
|  91|0x00000000a6700000, 0x00000000a6700000, 0x00000000a6800000|  0%| F|  |TAMS 0x00000000a6700000, 0x00000000a6700000| Untracked 
|  92|0x00000000a6800000, 0x00000000a6886600, 0x00000000a6900000| 52%| S|CS|TAMS 0x00000000a6800000, 0x00000000a6800000| Complete 
|  93|0x00000000a6900000, 0x00000000a6900000, 0x00000000a6a00000|  0%| F|  |TAMS 0x00000000a6900000, 0x00000000a6900000| Untracked 
|  94|0x00000000a6a00000, 0x00000000a6b00000, 0x00000000a6b00000|100%| E|  |TAMS 0x00000000a6a00000, 0x00000000a6a00000| Complete 
|  95|0x00000000a6b00000, 0x00000000a6c00000, 0x00000000a6c00000|100%| E|CS|TAMS 0x00000000a6b00000, 0x00000000a6b00000| Complete 

Card table byte_map: [0x00000289401f0000,0x00000289404f0000] _byte_map_base: 0x000002893fcea000

Marking Bits (Prev, Next): (CMBitMap*) 0x0000028929844e30, (CMBitMap*) 0x0000028929844df8
 Prev Bits: [0x0000028941fc0000, 0x0000028943790000)
 Next Bits: [0x00000289407f0000, 0x0000028941fc0000)

Polling page: 0x00000289277b0000

Metaspace:

Usage:
  Non-class:     18.33 MB capacity,    18.04 MB ( 98%) used,   232.38 KB (  1%) free+waste,    56.94 KB ( <1%) overhead. 
      Class:      2.46 MB capacity,     2.21 MB ( 90%) used,   228.62 KB (  9%) free+waste,    30.31 KB (  1%) overhead. 
       Both:     20.79 MB capacity,    20.25 MB ( 97%) used,   461.00 KB (  2%) free+waste,    87.25 KB ( <1%) overhead. 

Virtual space:
  Non-class space:       20.00 MB reserved,      18.50 MB ( 92%) committed 
      Class space:        1.00 GB reserved,       2.50 MB ( <1%) committed 
             Both:        1.02 GB reserved,      21.00 MB (  2%) committed 

Chunk freelists:
   Non-Class:  6.12 KB
       Class:  1.25 KB
        Both:  7.38 KB

CodeHeap 'non-profiled nmethods': size=120064Kb used=430Kb max_used=430Kb free=119633Kb
 bounds [0x00000289389b0000, 0x0000028938c20000, 0x000002893fef0000]
CodeHeap 'profiled nmethods': size=120000Kb used=2811Kb max_used=2811Kb free=117188Kb
 bounds [0x0000028931480000, 0x0000028931740000, 0x00000289389b0000]
CodeHeap 'non-nmethods': size=5696Kb used=1257Kb max_used=1266Kb free=4438Kb
 bounds [0x0000028930ef0000, 0x0000028931160000, 0x0000028931480000]
 total_blobs=2194 nmethods=1543 adapters=562
 compilation: enabled
              stopped_count=0, restarted_count=0
 full_count=0

Compilation events (10 events):
Event: 1.978 Thread 0x00000289465e1000 nmethod 1535 0x0000028938a1b110 code [0x0000028938a1b2a0, 0x0000028938a1b358]
Event: 1.978 Thread 0x00000289465e1000 1536       1       java.security.AccessControlContext::getContext (5 bytes)
Event: 1.978 Thread 0x00000289465e1000 nmethod 1536 0x0000028938a1b410 code [0x0000028938a1b5a0, 0x0000028938a1b658]
Event: 2.054 Thread 0x00000289465e1000 1537       3       jdk.internal.util.ArraysSupport::mismatch (72 bytes)
Event: 2.054 Thread 0x00000289465e1000 nmethod 1537 0x000002893173cf10 code [0x000002893173d0e0, 0x000002893173d498]
Event: 2.086 Thread 0x00000289465e1000 1538       3       jdk.internal.misc.Unsafe::putLong (8 bytes)
Event: 2.086 Thread 0x00000289465e1000 nmethod 1538 0x000002893173d690 code [0x000002893173d820, 0x000002893173d938]
Event: 2.086 Thread 0x00000289465e1000 1540       3       org.netbeans.lib.profiler.server.ProfilerRuntimeSampler$Sampling::writeThreadInfoNoChange (86 bytes)
Event: 2.087 Thread 0x00000289465e1000 nmethod 1540 0x000002893173da10 code [0x000002893173dbe0, 0x000002893173dee8]
Event: 2.144 Thread 0x00000289465e1000 1541       3       java.io.Bits::getInt (43 bytes)

GC Heap History (6 events):
Event: 1.618 GC heap before
{Heap before GC invocations=0 (full 0):
 garbage-first heap   total 98304K, used 18432K [0x00000000a0c00000, 0x0000000100000000)
  region size 1024K, 14 young (14336K), 0 survivors (0K)
 Metaspace       used 17957K, capacity 18438K, committed 18560K, reserved 1064960K
  class space    used 1909K, capacity 2124K, committed 2176K, reserved 1048576K
}
Event: 1.624 GC heap after
{Heap after GC invocations=1 (full 0):
 garbage-first heap   total 98304K, used 7707K [0x00000000a0c00000, 0x0000000100000000)
  region size 1024K, 2 young (2048K), 2 survivors (2048K)
 Metaspace       used 17957K, capacity 18438K, committed 18560K, reserved 1064960K
  class space    used 1909K, capacity 2124K, committed 2176K, reserved 1048576K
}
Event: 1.691 GC heap before
{Heap before GC invocations=1 (full 0):
 garbage-first heap   total 98304K, used 12827K [0x00000000a0c00000, 0x0000000100000000)
  region size 1024K, 7 young (7168K), 2 survivors (2048K)
 Metaspace       used 19090K, capacity 19631K, committed 19712K, reserved 1067008K
  class space    used 2050K, capacity 2288K, committed 2304K, reserved 1048576K
}
Event: 1.696 GC heap after
{Heap after GC invocations=2 (full 0):
 garbage-first heap   total 98304K, used 8172K [0x00000000a0c00000, 0x0000000100000000)
  region size 1024K, 1 young (1024K), 1 survivors (1024K)
 Metaspace       used 19090K, capacity 19631K, committed 19712K, reserved 1067008K
  class space    used 2050K, capacity 2288K, committed 2304K, reserved 1048576K
}
Event: 1.905 GC heap before
{Heap before GC invocations=2 (full 0):
 garbage-first heap   total 98304K, used 10220K [0x00000000a0c00000, 0x0000000100000000)
  region size 1024K, 4 young (4096K), 1 survivors (1024K)
 Metaspace       used 20645K, capacity 21130K, committed 21248K, reserved 1069056K
  class space    used 2250K, capacity 2488K, committed 2560K, reserved 1048576K
}
Event: 1.906 GC heap after
{Heap after GC invocations=3 (full 0):
 garbage-first heap   total 98304K, used 8333K [0x00000000a0c00000, 0x0000000100000000)
  region size 1024K, 1 young (1024K), 1 survivors (1024K)
 Metaspace       used 20645K, capacity 21130K, committed 21248K, reserved 1069056K
  class space    used 2250K, capacity 2488K, committed 2560K, reserved 1048576K
}

Deoptimization events (10 events):
Event: 1.559 Thread 0x0000028949786800 Uncommon trap: reason=unstable_if action=reinterpret pc=0x00000289389e199c method=java.lang.AbstractStringBuilder.append(Ljava/lang/String;)Ljava/lang/AbstractStringBuilder; @ 1 c2
Event: 1.559 Thread 0x0000028949786800 Uncommon trap: reason=unstable_if action=reinterpret pc=0x00000289389dff78 method=java.lang.AbstractStringBuilder.append(Ljava/lang/String;)Ljava/lang/AbstractStringBuilder; @ 1 c2
Event: 1.582 Thread 0x0000028949786800 Uncommon trap: reason=unstable_if action=reinterpret pc=0x00000289389da498 method=java.lang.StringLatin1.canEncode(I)Z @ 4 c2
Event: 1.582 Thread 0x0000028949786800 Uncommon trap: reason=unstable_if action=reinterpret pc=0x00000289389d1b78 method=java.lang.AbstractStringBuilder.isLatin1()Z @ 10 c2
Event: 1.634 Thread 0x0000028947780800 Uncommon trap: reason=bimorphic_or_optimized_type_check action=maybe_recompile pc=0x00000289389d81f8 method=java.util.HashMap.putVal(ILjava/lang/Object;Ljava/lang/Object;ZZ)Ljava/lang/Object; @ 203 c2
Event: 1.635 Thread 0x0000028947780800 Uncommon trap: reason=bimorphic_or_optimized_type_check action=maybe_recompile pc=0x00000289389d81b0 method=java.util.HashMap.putVal(ILjava/lang/Object;Ljava/lang/Object;ZZ)Ljava/lang/Object; @ 91 c2
Event: 1.635 Thread 0x0000028947780800 Uncommon trap: reason=bimorphic_or_optimized_type_check action=maybe_recompile pc=0x00000289389d81f8 method=java.util.HashMap.putVal(ILjava/lang/Object;Ljava/lang/Object;ZZ)Ljava/lang/Object; @ 203 c2
Event: 1.635 Thread 0x0000028947780800 Uncommon trap: reason=bimorphic_or_optimized_type_check action=maybe_recompile pc=0x00000289389d81f8 method=java.util.HashMap.putVal(ILjava/lang/Object;Ljava/lang/Object;ZZ)Ljava/lang/Object; @ 203 c2
Event: 1.669 Thread 0x0000028929813000 Uncommon trap: reason=unstable_if action=reinterpret pc=0x00000289389d5174 method=java.lang.StringUTF16.compress([CI[BII)I @ 20 c2
Event: 1.676 Thread 0x0000028929813000 Uncommon trap: reason=intrinsic_or_type_checked_inlining action=make_not_entrant pc=0x0000028938a094c4 method=java.util.Arrays.copyOf([Ljava/lang/Object;ILjava/lang/Class;)[Ljava/lang/Object; @ 35 c2

Classes redefined (0 events):
No events

Internal exceptions (10 events):
Event: 1.479 Thread 0x0000028929813000 Exception <a 'java/lang/NoSuchMethodError'{0x00000000a61d5ad0}: java.lang.invoke.DirectMethodHandle$Holder.invokeSpecial(Ljava/lang/Object;Ljava/lang/Object;ILjava/lang/Object;Ljava/lang/Object;Ljava/lang/Object;)Ljava/lang/Object;> (0x00000000a61d5ad0) t
Event: 1.481 Thread 0x0000028929813000 Exception <a 'java/lang/NoSuchMethodError'{0x00000000a61ed8c8}: java.lang.invoke.DirectMethodHandle$Holder.invokeStatic(Ljava/lang/Object;ILjava/lang/Object;)Ljava/lang/Object;> (0x00000000a61ed8c8) thrown at [./open/src/hotspot/share/interpreter/linkReso
Event: 1.499 Thread 0x0000028929813000 Exception <a 'java/lang/ClassNotFoundException'{0x00000000a609bad8}: com/sun/swing/internal/plaf/metal/resources/spi/metalProvider> (0x00000000a609bad8) thrown at [./open/src/hotspot/share/classfile/systemDictionary.cpp, line 226]
Event: 1.500 Thread 0x0000028929813000 Exception <a 'java/lang/ClassNotFoundException'{0x00000000a60a0258}: com/sun/swing/internal/plaf/basic/resources/spi/basicProvider> (0x00000000a60a0258) thrown at [./open/src/hotspot/share/classfile/systemDictionary.cpp, line 226]
Event: 1.505 Thread 0x0000028929813000 Implicit null exception at 0x00000289389d9cd8 to 0x00000289389d9d6a
Event: 1.559 Thread 0x0000028949786800 Implicit null exception at 0x00000289389e13f4 to 0x00000289389e1984
Event: 1.559 Thread 0x0000028949786800 Implicit null exception at 0x00000289389df9f4 to 0x00000289389dff60
Event: 1.639 Thread 0x0000028947780800 Exception <a 'java/lang/NoSuchMethodError'{0x00000000a68889a8}: java.lang.invoke.DirectMethodHandle$Holder.invokeVirtual(Ljava/lang/Object;Ljava/lang/Object;)V> (0x00000000a68889a8) thrown at [./open/src/hotspot/share/interpreter/linkResolver.cpp, line 77
Event: 1.655 Thread 0x0000028929813000 Exception <a 'java/lang/NoSuchMethodError'{0x00000000a6824240}: java.lang.invoke.DirectMethodHandle$Holder.invokeStaticInit(Ljava/lang/Object;)V> (0x00000000a6824240) thrown at [./open/src/hotspot/share/interpreter/linkResolver.cpp, line 772]
Event: 1.697 Thread 0x0000028929813000 Exception <a 'java/lang/NoSuchMethodError'{0x00000000a6b2b870}: java.lang.invoke.Invokers$Holder.linkToTargetMethod(Ljava/lang/Object;ILjava/lang/Object;)Ljava/lang/Object;> (0x00000000a6b2b870) thrown at [./open/src/hotspot/share/interpreter/linkResolver

Events (10 events):
Event: 2.117 Executing VM operation: GetAllStackTraces
Event: 2.118 Executing VM operation: GetAllStackTraces done
Event: 2.133 Executing VM operation: GetAllStackTraces
Event: 2.134 Executing VM operation: GetAllStackTraces done
Event: 2.134 loading class org/netbeans/lib/profiler/wireprotocol/EventBufferDumpedCommand
Event: 2.134 loading class org/netbeans/lib/profiler/wireprotocol/EventBufferDumpedCommand done
Event: 2.143 loading class org/netbeans/lib/profiler/wireprotocol/DumpResultsResponse
Event: 2.143 loading class org/netbeans/lib/profiler/wireprotocol/DumpResultsResponse done
Event: 2.144 loading class org/netbeans/lib/profiler/wireprotocol/GetMethodNamesForJMethodIdsCommand
Event: 2.144 loading class org/netbeans/lib/profiler/wireprotocol/GetMethodNamesForJMethodIdsCommand done


Dynamic libraries:
0x00007ff6a5dd0000 - 0x00007ff6a5de0000 	C:\Program Files\Java\jdk-11\bin\java.exe
0x00007ffc71910000 - 0x00007ffc71b07000 	C:\Windows\SYSTEM32\ntdll.dll
0x00007ffc716a0000 - 0x00007ffc7175d000 	C:\Windows\System32\KERNEL32.DLL
0x00007ffc6f330000 - 0x00007ffc6f626000 	C:\Windows\System32\KERNELBASE.dll
0x00007ffc6f1a0000 - 0x00007ffc6f2a0000 	C:\Windows\System32\ucrtbase.dll
0x00007ffc638d0000 - 0x00007ffc638e9000 	C:\Program Files\Java\jdk-11\bin\jli.dll
0x00007ffc70d70000 - 0x00007ffc70e1e000 	C:\Windows\System32\ADVAPI32.dll
0x00007ffc308a0000 - 0x00007ffc308bb000 	C:\Program Files\Java\jdk-11\bin\VCRUNTIME140.dll
0x00007ffc70150000 - 0x00007ffc701ee000 	C:\Windows\System32\msvcrt.dll
0x00007ffc70f60000 - 0x00007ffc70ffc000 	C:\Windows\System32\sechost.dll
0x00007ffc717a0000 - 0x00007ffc718c6000 	C:\Windows\System32\RPCRT4.dll
0x00007ffc70990000 - 0x00007ffc70b2e000 	C:\Windows\System32\USER32.dll
0x00007ffc6f6d0000 - 0x00007ffc6f6f2000 	C:\Windows\System32\win32u.dll
0x00007ffc71770000 - 0x00007ffc7179c000 	C:\Windows\System32\GDI32.dll
0x00007ffc6f850000 - 0x00007ffc6f96a000 	C:\Windows\System32\gdi32full.dll
0x00007ffc6f700000 - 0x00007ffc6f79d000 	C:\Windows\System32\msvcp_win.dll
0x00007ffc5ce60000 - 0x00007ffc5d0fa000 	C:\Windows\WinSxS\amd64_microsoft.windows.common-controls_6595b64144ccf1df_6.0.19041.3570_none_60bb2a3971f3e41a\COMCTL32.dll
0x00007ffc69030000 - 0x00007ffc6903a000 	C:\Windows\SYSTEM32\VERSION.dll
0x00007ffc70960000 - 0x00007ffc70990000 	C:\Windows\System32\IMM32.DLL
0x00007ffc59a80000 - 0x00007ffc59a8c000 	C:\Program Files\Java\jdk-11\bin\vcruntime140_1.dll
0x00007ffbf8900000 - 0x00007ffbf898e000 	C:\Program Files\Java\jdk-11\bin\msvcp140.dll
0x00007ffbf79e0000 - 0x00007ffbf854c000 	C:\Program Files\Java\jdk-11\bin\server\jvm.dll
0x00007ffc70e20000 - 0x00007ffc70e28000 	C:\Windows\System32\PSAPI.DLL
0x00007ffc59b10000 - 0x00007ffc59b19000 	C:\Windows\SYSTEM32\WSOCK32.dll
0x00007ffc714d0000 - 0x00007ffc7153b000 	C:\Windows\System32\WS2_32.dll
0x00007ffc66790000 - 0x00007ffc667b7000 	C:\Windows\SYSTEM32\WINMM.dll
0x00007ffc6ce90000 - 0x00007ffc6cea2000 	C:\Windows\SYSTEM32\kernel.appcore.dll
0x00007ffc59970000 - 0x00007ffc59980000 	C:\Program Files\Java\jdk-11\bin\verify.dll
0x00007ffc67df0000 - 0x00007ffc67fd4000 	C:\Windows\SYSTEM32\DBGHELP.DLL
0x00007ffc5d6c0000 - 0x00007ffc5d6f4000 	C:\Windows\SYSTEM32\dbgcore.DLL
0x00007ffc6f2a0000 - 0x00007ffc6f322000 	C:\Windows\System32\bcryptPrimitives.dll
0x00007ffc22250000 - 0x00007ffc22278000 	C:\Program Files\Java\jdk-11\bin\java.dll
0x00007ffc57fd0000 - 0x00007ffc57fda000 	C:\Program Files\Java\jdk-11\bin\jimage.dll
0x00007ffc6a9d0000 - 0x00007ffc6a9df000 	C:\Program Files\NetBeans-11.1\netbeans\profiler\lib\deployed\jdk16\windows-amd64\profilerinterface.dll
0x00007ffc2f5d0000 - 0x00007ffc2f5e7000 	C:\Program Files\Java\jdk-11\bin\zip.dll
0x00007ffc6fa00000 - 0x00007ffc70144000 	C:\Windows\System32\SHELL32.dll
0x00007ffc6d090000 - 0x00007ffc6d82b000 	C:\Windows\SYSTEM32\windows.storage.dll
0x00007ffc70300000 - 0x00007ffc70654000 	C:\Windows\System32\combase.dll
0x00007ffc6e960000 - 0x00007ffc6e98d000 	C:\Windows\SYSTEM32\Wldp.dll
0x00007ffc701f0000 - 0x00007ffc7029d000 	C:\Windows\System32\SHCORE.dll
0x00007ffc71000000 - 0x00007ffc71055000 	C:\Windows\System32\shlwapi.dll
0x00007ffc6ef20000 - 0x00007ffc6ef45000 	C:\Windows\SYSTEM32\profapi.dll
0x00007ffc124c0000 - 0x00007ffc124d9000 	C:\Program Files\Java\jdk-11\bin\net.dll
0x00007ffc689e0000 - 0x00007ffc68aea000 	C:\Windows\SYSTEM32\WINHTTP.dll
0x00007ffc6e6c0000 - 0x00007ffc6e72a000 	C:\Windows\system32\mswsock.dll
0x00007ffc124a0000 - 0x00007ffc124b2000 	C:\Program Files\Java\jdk-11\bin\nio.dll
0x00007ffc636d0000 - 0x00007ffc636d9000 	C:\Program Files\Java\jdk-11\bin\management.dll
0x00007ffc636c0000 - 0x00007ffc636cb000 	C:\Program Files\Java\jdk-11\bin\management_ext.dll
0x00007ffc6e8c0000 - 0x00007ffc6e8d8000 	C:\Windows\SYSTEM32\CRYPTSP.dll
0x00007ffc6dfd0000 - 0x00007ffc6e004000 	C:\Windows\system32\rsaenh.dll
0x00007ffc6f630000 - 0x00007ffc6f657000 	C:\Windows\System32\bcrypt.dll
0x00007ffc6eea0000 - 0x00007ffc6eece000 	C:\Windows\SYSTEM32\USERENV.dll
0x00007ffc6e8b0000 - 0x00007ffc6e8bc000 	C:\Windows\SYSTEM32\CRYPTBASE.dll
0x00007ffc6e3b0000 - 0x00007ffc6e3eb000 	C:\Windows\SYSTEM32\IPHLPAPI.DLL
0x00007ffc71760000 - 0x00007ffc71768000 	C:\Windows\System32\NSI.dll
0x00007ffc69120000 - 0x00007ffc69137000 	C:\Windows\SYSTEM32\dhcpcsvc6.DLL
0x00007ffc691f0000 - 0x00007ffc6920d000 	C:\Windows\SYSTEM32\dhcpcsvc.DLL
0x00007ffc6e3f0000 - 0x00007ffc6e4ba000 	C:\Windows\SYSTEM32\DNSAPI.dll
0x00007ffbf8990000 - 0x00007ffbf8b12000 	C:\Program Files\Java\jdk-11\bin\awt.dll
0x00007ffc707e0000 - 0x00007ffc708ad000 	C:\Windows\System32\OLEAUT32.dll
0x00007ffc6c820000 - 0x00007ffc6c8b0000 	C:\Windows\SYSTEM32\apphelp.dll
0x00007ffc6cba0000 - 0x00007ffc6cbcf000 	C:\Windows\system32\DWMAPI.DLL
0x00007ffc6c9c0000 - 0x00007ffc6ca5e000 	C:\Windows\system32\uxtheme.dll
0x00007ffc13350000 - 0x00007ffc13475000 	C:\Windows\system32\opengl32.dll
0x00007ffc12e20000 - 0x00007ffc12e4c000 	C:\Windows\SYSTEM32\GLU32.dll
0x00007ffc70660000 - 0x00007ffc70774000 	C:\Windows\System32\MSCTF.dll
0x00007ffc70e30000 - 0x00007ffc70f5b000 	C:\Windows\System32\ole32.dll
0x00007ffc53470000 - 0x00007ffc5363d000 	C:\Windows\system32\d3d9.dll
0x00007ffc66820000 - 0x00007ffc669db000 	C:\Windows\System32\DriverStore\FileRepository\u0396094.inf_amd64_a90ea54eeab05481\B395672\aticfx64.dll
0x00007ffc608a0000 - 0x00007ffc608d4000 	C:\Windows\System32\DriverStore\FileRepository\u0396094.inf_amd64_a90ea54eeab05481\B395672\atiu9p64.dll
0x00007ffc23eb0000 - 0x00007ffc24bf7000 	C:\Windows\System32\DriverStore\FileRepository\u0396094.inf_amd64_a90ea54eeab05481\B395672\atiumd64.dll
0x000000005f9a0000 - 0x00000000608b3000 	C:\Windows\System32\DriverStore\FileRepository\u0396094.inf_amd64_a90ea54eeab05481\B395672\atiumd6a.dll
0x00007ffc71060000 - 0x00007ffc714ce000 	C:\Windows\System32\SETUPAPI.dll
0x00007ffc6eff0000 - 0x00007ffc6f03e000 	C:\Windows\System32\cfgmgr32.dll
0x00007ffc6ee50000 - 0x00007ffc6ee9b000 	C:\Windows\SYSTEM32\POWRPROF.dll
0x00007ffc6ee30000 - 0x00007ffc6ee42000 	C:\Windows\SYSTEM32\UMPDC.dll
0x00007ffc624b0000 - 0x00007ffc624e5000 	C:\Windows\SYSTEM32\amdihk64.dll
0x00007ffc681e0000 - 0x00007ffc6821b000 	C:\Windows\SYSTEM32\dxcore.dll
0x00007ffc635c0000 - 0x00007ffc635ee000 	C:\Program Files\Java\jdk-11\bin\javajpeg.dll
0x00007ffbf8870000 - 0x00007ffbf88f6000 	C:\Program Files\Java\jdk-11\bin\freetype.dll
0x00007ffbf87a0000 - 0x00007ffbf8865000 	C:\Program Files\Java\jdk-11\bin\fontmanager.dll
0x00007ffc708b0000 - 0x00007ffc70959000 	C:\Windows\System32\clbcatq.dll
0x00007ffc69660000 - 0x00007ffc69814000 	C:\Windows\SYSTEM32\WindowsCodecs.dll
0x00007ffc5a970000 - 0x00007ffc5a9ae000 	C:\Windows\system32\dataexchange.dll
0x00007ffc6b250000 - 0x00007ffc6b4b3000 	C:\Windows\system32\d3d11.dll
0x00007ffc6bcc0000 - 0x00007ffc6bea3000 	C:\Windows\system32\dcomp.dll
0x00007ffc6d870000 - 0x00007ffc6d963000 	C:\Windows\system32\dxgi.dll
0x00007ffc69a50000 - 0x00007ffc69c57000 	C:\Windows\system32\twinapi.appcore.dll
0x00007ffc63eb0000 - 0x00007ffc63faa000 	C:\Windows\SYSTEM32\textinputframework.dll
0x00007ffc6c230000 - 0x00007ffc6c58b000 	C:\Windows\System32\CoreUIComponents.dll
0x00007ffc6c5a0000 - 0x00007ffc6c692000 	C:\Windows\System32\CoreMessaging.dll
0x00007ffc6bb60000 - 0x00007ffc6bcb5000 	C:\Windows\SYSTEM32\wintypes.dll
0x00007ffc6e0f0000 - 0x00007ffc6e123000 	C:\Windows\SYSTEM32\ntmarta.dll

dbghelp: loaded successfully - version: 4.0.5 - missing functions: none
symbol engine: initialized successfully - sym options: 0x614 - pdb path: .;C:\Program Files\Java\jdk-11\bin;C:\Windows\SYSTEM32;C:\Windows\WinSxS\amd64_microsoft.windows.common-controls_6595b64144ccf1df_6.0.19041.3570_none_60bb2a3971f3e41a;C:\Program Files\Java\jdk-11\bin\server;C:\Program Files\NetBeans-11.1\netbeans\profiler\lib\deployed\jdk16\windows-amd64;C:\Windows\System32\DriverStore\FileRepository\u0396094.inf_amd64_a90ea54eeab05481\B395672

VM Arguments:
jvm_args: -Dfile.encoding=UTF-8 -agentpath:C:/Program Files/NetBeans-11.1/netbeans/profiler/lib/deployed/jdk16/windows-amd64/profilerinterface.dll=C:\Program Files\NetBeans-11.1\netbeans\profiler\lib,5140,10 -XX:+HeapDumpOnOutOfMemoryError -XX:HeapDumpPath=C:\Users\caans\Documents\NetBeansProjects\Canhones\nbproject\private\profiler 
java_command: canhones.Canhones
java_class_path (initial): C:\Program Files\NetBeans-11.1\netbeans\java\modules\ext\AbsoluteLayout.jar;C:\Users\caans\Documents\NetBeansProjects\Canhones\build\classes
Launcher Type: SUN_STANDARD

[Global flags]
     intx CICompilerCount                          = 3                                         {product} {ergonomic}
     uint ConcGCThreads                            = 1                                         {product} {ergonomic}
     uint G1ConcRefinementThreads                  = 4                                         {product} {ergonomic}
   size_t G1HeapRegionSize                         = 1048576                                   {product} {ergonomic}
    uintx GCDrainStackTargetSize                   = 64                                        {product} {ergonomic}
     bool HeapDumpOnOutOfMemoryError               = true                                   {manageable} {command line}
    ccstr HeapDumpPath                             = C:\Users\caans\Documents\NetBeansProjects\Canhones\nbproject\private\profiler         {manageable} {command line}
   size_t InitialHeapSize                          = 100663296                                 {product} {ergonomic}
   size_t MarkStackSize                            = 4194304                                   {product} {ergonomic}
   size_t MaxHeapSize                              = 1598029824                                {product} {ergonomic}
   size_t MaxNewSize                               = 958398464                                 {product} {ergonomic}
   size_t MinHeapDeltaBytes                        = 1048576                                   {product} {ergonomic}
    uintx NonNMethodCodeHeapSize                   = 5830732                                {pd product} {ergonomic}
    uintx NonProfiledCodeHeapSize                  = 122913754                              {pd product} {ergonomic}
    uintx ProfiledCodeHeapSize                     = 122913754                              {pd product} {ergonomic}
    uintx ReservedCodeCacheSize                    = 251658240                              {pd product} {ergonomic}
     bool SegmentedCodeCache                       = true                                      {product} {ergonomic}
     bool UseCompressedClassPointers               = true                                 {lp64_product} {ergonomic}
     bool UseCompressedOops                        = true                                 {lp64_product} {ergonomic}
     bool UseG1GC                                  = true                                      {product} {ergonomic}
     bool UseLargePagesIndividualAllocation        = false                                  {pd product} {ergonomic}

Logging:
Log output configuration:
 #0: stdout all=warning uptime,level,tags
 #1: stderr all=off uptime,level,tags

Environment Variables:
PATH=C:\Program Files\Common Files\Oracle\Java\javapath;C:\Program Files\Microsoft MPI\Bin\;C:\Windows\system32;C:\Windows;C:\Windows\System32\Wbem;C:\Windows\System32\WindowsPowerShell\v1.0\;C:\Windows\System32\OpenSSH\;C:\Program Files\Crucial\Crucial Storage Executive;C:\Program Files\dotnet\;C:\Program Files\Azure Data Studio\bin;C:\Program Files (x86)\Microsoft SQL Server\160\Tools\Binn\;C:\Program Files\Microsoft SQL Server\160\Tools\Binn\;C:\Program Files\Microsoft SQL Server\Client SDK\ODBC\170\Tools\Binn\;C:\Program Files\Microsoft SQL Server\160\DTS\Binn\;C:\Program Files (x86)\Microsoft SQL Server\160\DTS\Binn\;C:\flutter\flutter\bin;C:\Program Files\Git\cmd;C:\Program Files\nodejs\;C:\Users\caans\AppData\Local\Pub\Cache\bin;C:\Program Files\Android\Android Studio\jre\bin;C:\Program Files\Java\jdk-11\bin;C:\Program Files\openssl-0.9.8k_X64\bin;C:\Gradle\gradle-8.3-bin\gradle-8.3\bin;C:\Users\caans\AppData\Local\Android\Sdk\platform-tools;C:\Users\caans\AppData\Local\Microsoft\WindowsApps;C:\Users\caans\AppData\Local\Programs\Microsoft VS Code Insiders\bin;C:\Users\caans\.dotnet\tools;C:\Program Files\Azure Data Studio\bin;C:\flutter\flutter\bin;C:\Users\caans\AppData\Roaming\npm;C:\Users\caans\AppData\Local\Pub\Cache\bin;C:\Program Files\Android\Android Studio\jre\bin;C:\Program Files\Java\jdk-11\bin;C:\Program Files\openssl-0.9.8k_X64\bin;C:\Gradle\gradle-8.3-bin\gradle-8.3\bin;C:\Users\caans\AppData\Local\Android\Sdk\platform-tools;
USERNAME=caans
OS=Windows_NT
PROCESSOR_IDENTIFIER=AMD64 Family 23 Model 24 Stepping 1, AuthenticAMD



---------------  S Y S T E M  ---------------

OS: Windows 10 , 64 bit Build 19041 (10.0.19041.3570)

CPU:total 4 (initial active 4) (4 cores per cpu, 2 threads per core) family 23 model 24 stepping 1 microcode 0x0, cmov, cx8, fxsr, mmx, sse, sse2, sse3, ssse3, sse4.1, sse4.2, popcnt, avx, avx2, aes, clmul, mmxext, 3dnowpref, lzcnt, sse4a, ht, tsc, tscinvbit, tscinv, bmi1, bmi2, adx, s

Memory: 4k page, system-wide physical 6095M (1009M free)
TotalPageFile size 17871M (AvailPageFile size 6533M)
current process WorkingSet (physical memory assigned to process): 140M, peak: 140M
current process commit charge ("private bytes"): 257M, peak: 260M

vm_info: Java HotSpot(TM) 64-Bit Server VM (11.0.19+9-LTS-224) for windows-amd64 JRE (11.0.19+9-LTS-224), built on Mar 27 2023 08:48:55 by "mach5one" with MS VC++ 17.1 (VS2022)

END.
